C51 COMPILER V7.09   I2C                                                                   11/05/2012 16:02:05 PAGE 1   


C51 COMPILER V7.09, COMPILATION OF MODULE I2C
OBJECT MODULE PLACED IN .\OUT\i2c.obj
COMPILER INVOKED BY: C:\Keil\C51\BIN\C51.EXE dataProcess\i2c.C LARGE BROWSE INCDIR(main,header_files,dataProcess,watchDo
                    -g,ledProcess,mcu,IDB,alarm,timer,command,uart) DEBUG OBJECTEXTEND PRINT(.\OUT\i2c.lst) OBJECT(.\OUT\i2c.obj)

line level    source

   1          #include "i2c.h"
   2          #include "typeDef.h"
   3          #include "c8051F020.h"
   4          
   5          #if 1           /*pin defined*/
   6          sbit SDA=P0^5;
   7          sbit SCL=P0^6;
   8          #else
              sbit SDA=P0^2;
              sbit SCL=P0^3;
              #endif
  12          
  13          #define IIC_CLOCK_HIGH       SCL=0;NOP10();NOP10();SCL=1;NOP2();NOP10()
  14          #define IIC_CLOCK_LOW        SCL=1;NOP10();NOP10();SCL=0;NOP2();NOP10()
  15          
  16          void i2c_start(void)
  17          {
  18   1          IIC_CLOCK_HIGH;
  19   1          SDA=1;
  20   1          //NOP4();    
  21   1          NOP4();    NOP4();    NOP4();
  22   1          SDA=0;
  23   1          //NOP4();
  24   1          NOP4();    NOP4();    NOP4();
  25   1          
  26   1          IIC_CLOCK_LOW;
  27   1      }
  28          
  29          
  30          void i2c_stop(void)
  31          {
  32   1          SDA=0;
  33   1          //NOP4();
  34   1              NOP4();    NOP4();    NOP4();
  35   1      
  36   1          IIC_CLOCK_HIGH;
  37   1          //NOP10();
  38   1              NOP4();    NOP4();    NOP4();
  39   1      
  40   1          SDA=1;
  41   1      }
  42          
  43          
  44          
  45          char i2c_get_ack(void)
  46          {   
  47   1          SDA=1;
  48   1          //NOP4();
  49   1              NOP4();    NOP4();    NOP4();
  50   1      
  51   1          IIC_CLOCK_HIGH;
  52   1      
  53   1          if( SDA == 0 )
  54   1          {
C51 COMPILER V7.09   I2C                                                                   11/05/2012 16:02:05 PAGE 2   

  55   2              IIC_CLOCK_LOW; 
  56   2              return OK;
  57   2          }
  58   1          else
  59   1          {
  60   2              IIC_CLOCK_LOW; 
  61   2              return ERROR;
  62   2          } 
  63   1      }
  64          
  65          
  66          void i2c_send_ack(void)
  67          {
  68   1          SDA=0;
  69   1          //NOP4();
  70   1              NOP4();    NOP4();    NOP4();
  71   1      
  72   1          IIC_CLOCK_LOW;
  73   1      
  74   1          SDA=1;                  
  75   1      }
  76          
  77          /* ‘›≤ª”√
  78          void i2c_send_no_ack(void)
  79          {
  80              SDA=1;
  81              _nop_();
  82              IIC_CLOCK_LOW;
  83          }
  84          */
  85          
  86          void i2c_writeByte(unsigned char dat)
  87          {
  88   1          char i;
  89   1          unsigned char temp;
  90   1      
  91   1          temp = dat;
  92   1          for(i=0;i<8;i++)
  93   1          {
  94   2              if(temp & 0x80)
  95   2                  SDA=1;
  96   2              else
  97   2                  SDA=0;
  98   2        
  99   2              temp <<= 1;
 100   2              IIC_CLOCK_LOW; 
 101   2          }
 102   1      }
 103          
 104          
 105          char i2c_readByte(void)
 106          {
 107   1          unsigned char dat;
 108   1          unsigned char i;
 109   1          
 110   1          i = 8;
 111   1          dat = 0x00;
 112   1          while(i--)
 113   1          {
 114   2              dat <<= 1;
 115   2              IIC_CLOCK_HIGH;
 116   2              if(SDA)
C51 COMPILER V7.09   I2C                                                                   11/05/2012 16:02:05 PAGE 3   

 117   2                  dat |= 0x01;
 118   2          }  
 119   1          IIC_CLOCK_LOW;  
 120   1      
 121   1          return dat;
 122   1      }


MODULE INFORMATION:   STATIC OVERLAYABLE
   CODE SIZE        =    505    ----
   CONSTANT SIZE    =   ----    ----
   XDATA SIZE       =   ----    ----
   PDATA SIZE       =   ----    ----
   DATA SIZE        =   ----    ----
   IDATA SIZE       =   ----    ----
   BIT SIZE         =   ----    ----
END OF MODULE INFORMATION.


C51 COMPILATION COMPLETE.  0 WARNING(S),  0 ERROR(S)
