C51 COMPILER V7.09   KEYGET                                                                02/13/2012 10:59:08 PAGE 1   


C51 COMPILER V7.09, COMPILATION OF MODULE KEYGET
OBJECT MODULE PLACED IN .\OUT\keyget.obj
COMPILER INVOKED BY: C:\Keil\C51\BIN\C51.EXE key\keyget.C LARGE BROWSE INCDIR(main,header_files,dataProcess,watchDog,led
                    -Process,mcu,adConvert,IDB,protect_j,alarm,key,timer,command) DEBUG OBJECTEXTEND PRINT(.\OUT\keyget.lst) OBJECT(.\OUT\key
                    -get.obj)

line level    source

   1          
   2          
   3          #include "keyget.h"
   4          #include "c8051F020.H"
   5          #include "share.h"
   6          
   7          //unsigned char volatile xdata xDeviceKey         _at_ 0x8020;
   8          
   9          
  10          //unsigned char volatile xdata xAlarmCtrl          _at_ 0xC060;
  11          
  12          
  13          /*¸Ä°åºó110324*/
  14          #define KEY_ACO                 0x0
  15          #define KEY_NULL                0x1
  16          
  17          #define KEY_FIRST_ACC                   2   
  18          #define KEY_CONTINUE_ACC                10  
  19          #define KEY_RELEASE_ACC                 2  
  20          
  21          
  22          static char keyCode;     
  23          
  24          
  25          void beep_driver(char value)
  26          {
  27   1              if(value)
  28   1              P4 |= 2;                /*pin defined*/
  29   1              else
  30   1              P4 &= ~2;               /*pin defined*/
  31   1      }
  32          
  33          char get_key(void)
  34          {
  35   1          char tmp;
  36   1      
  37   1          tmp = (unsigned char)keyCode;
  38   1          keyCode = 0;
  39   1      
  40   1          return tmp;
  41   1      }
  42          
  43          
  44          
  45          void key_driver(void)
  46          {
  47   1          static bit initFlag = 0;
  48   1          static unsigned char keyState;
  49   1          static unsigned char keyAcc;
  50   1          static unsigned char keyKeep;
  51   1          char tmp;
  52   1      
  53   1          if( initFlag == 0 )
C51 COMPILER V7.09   KEYGET                                                                02/13/2012 10:59:08 PAGE 2   

  54   1          {
  55   2              initFlag = 1;
  56   2              keyState = 0;
  57   2              keyAcc = 0;
  58   2              keyKeep = KEY_NULL;
  59   2          }
  60   1      
  61   1      
  62   1          set_key_flag(0);
  63   1          tmp = P5 & 0x1;     /*°´¼üACO(P5.0) pin defined*/
  64   1      
  65   1          
  66   1          if( tmp == keyKeep )
  67   1          {
  68   2              keyAcc ++;
  69   2          }
  70   1          else
  71   1          {
  72   2              keyAcc = 0;
  73   2              keyKeep = tmp;
  74   2          }
  75   1      
  76   1          switch(keyState)
  77   1          {
  78   2              case 0: 
  79   2                  if( keyKeep == KEY_NULL )
  80   2                  {
  81   3                      keyAcc = 0;
  82   3                      break;
  83   3                  }
  84   2      
  85   2                  if( keyAcc == KEY_FIRST_ACC )
  86   2                  {
  87   3                      keyState = 1;
  88   3      
  89   3                      set_key_flag(1);
  90   3                      if( keyKeep == KEY_ACO )
  91   3                          keyCode = KEY_CODE_ACO;
  92   3                      else
  93   3                      {
  94   4                          keyState = 0;
  95   4                          keyAcc = 0;
  96   4                      }
  97   3                  }
  98   2      
  99   2                  break;
 100   2      
 101   2              case 1: 
 102   2                  if( keyAcc == KEY_CONTINUE_ACC )
 103   2                  {
 104   3                      keyAcc = KEY_FIRST_ACC;    
 105   3      
 106   3                      set_key_flag(1);
 107   3      
 108   3                      if( keyKeep == KEY_ACO )
 109   3                          keyCode = KEY_CODE_SWITCH;
 110   3                      else 
 111   3                      {
 112   4                          keyCode = KEY_NULL;
 113   4                      }
 114   3      
 115   3                  }
C51 COMPILER V7.09   KEYGET                                                                02/13/2012 10:59:08 PAGE 3   

 116   2                  else if( keyAcc == 0 )
 117   2                  { 
 118   3                      keyState = 2;
 119   3                  }
 120   2      
 121   2                  break;
 122   2      
 123   2              case 2: 
 124   2                  if( (keyAcc== KEY_RELEASE_ACC) && (keyKeep==KEY_NULL) )
 125   2                      keyState = 0;
 126   2      
 127   2                  break;
 128   2      
 129   2              default:
 130   2                  keyState = 0;
 131   2                  break;
 132   2          }
 133   1      
 134   1          return;
 135   1      
 136   1      }
 137          
 138          


MODULE INFORMATION:   STATIC OVERLAYABLE
   CODE SIZE        =    196    ----
   CONSTANT SIZE    =   ----    ----
   XDATA SIZE       =      4    ----
   PDATA SIZE       =   ----    ----
   DATA SIZE        =   ----    ----
   IDATA SIZE       =   ----    ----
   BIT SIZE         =      1    ----
END OF MODULE INFORMATION.


C51 COMPILATION COMPLETE.  0 WARNING(S),  0 ERROR(S)
