C51 COMPILER V7.09   LCD_8PIXEL1                                                           12/18/2012 11:07:05 PAGE 1   


C51 COMPILER V7.09, COMPILATION OF MODULE LCD_8PIXEL1
OBJECT MODULE PLACED IN .\OUT\lcd_8pixel1.obj
COMPILER INVOKED BY: C:\Keil\C51\BIN\C51.EXE lcd_8pixel1.c LARGE BROWSE INCDIR(include;mcu) DEBUG OBJECTEXTEND PRINT(.\O
                    -UT\lcd_8pixel1.lst) OBJECT(.\OUT\lcd_8pixel1.obj)

line level    source

   1          unsigned char convert_value(unsigned char value)
   2          {       
   3   1              unsigned char i = 0;
   4   1              unsigned char valueTemp = 0;
   5   1              unsigned char bitTemp[8] = {0};
   6   1              
   7   1              for(i=0; i<8; i++)
   8   1                      bitTemp[i] = (value>>i) & 0x01;         
   9   1              
  10   1              for(i=0; i<8; i++)
  11   1              {
  12   2                      valueTemp <<= 1;
  13   2                      valueTemp |= bitTemp[i]; 
  14   2              }
  15   1      
  16   1              return valueTemp;               
  17   1      }
  18          
  19          unsigned char convert_row(unsigned char row)
  20          {
  21   1              return (7-row);
  22   1      }
  23          
  24          unsigned char convert_column(unsigned char column)
  25          {
  26   1              return (127-column);
  27   1      }
  28          
  29          void lcd_8pixel(unsigned char column, unsigned char row, unsigned char value)
  30          {
  31   1          unsigned char chn, tmp;
  32   1        
  33   1              value  = convert_value(value);
  34   1              column = convert_column(column);
  35   1              row    = convert_row(row);
  36   1              
  37   1          if( column < 64 )
  38   1          {
  39   2              tmp = column;
  40   2              chn = 0;         
  41   2          }
  42   1          else if( column < 128 )
  43   1          {
  44   2              tmp = column - 64;
  45   2              chn = 1;
  46   2          }
  47   1          else
  48   1          {
  49   2              return;
  50   2          }
  51   1              
  52   1      //    lcd_write_command(chn, LCD_CMD_COLUMN | tmp );   /*写入列地址*/
  53   1      //    lcd_write_command(chn, LCD_CMD_PAGE | row);      /*写入行地址*/
  54   1      //    lcd_write_data(chn, value);
C51 COMPILER V7.09   LCD_8PIXEL1                                                           12/18/2012 11:07:05 PAGE 2   

  55   1      }


MODULE INFORMATION:   STATIC OVERLAYABLE
   CODE SIZE        =    185    ----
   CONSTANT SIZE    =      8    ----
   XDATA SIZE       =   ----      14
   PDATA SIZE       =   ----    ----
   DATA SIZE        =   ----    ----
   IDATA SIZE       =   ----    ----
   BIT SIZE         =   ----    ----
END OF MODULE INFORMATION.


C51 COMPILATION COMPLETE.  0 WARNING(S),  0 ERROR(S)
