C51 COMPILER V7.09   LCD_8PIXEL                                                            12/13/2012 20:21:07 PAGE 1   


C51 COMPILER V7.09, COMPILATION OF MODULE LCD_8PIXEL
OBJECT MODULE PLACED IN .\OUT\lcd_8pixel.obj
COMPILER INVOKED BY: C:\Keil\C51\BIN\C51.EXE lcd_8pixel.c LARGE BROWSE INCDIR(include;mcu) DEBUG OBJECTEXTEND PRINT(.\OU
                    -T\lcd_8pixel.lst) OBJECT(.\OUT\lcd_8pixel.obj)

line level    source

   1          #if 1
   2          unsigned char convert_value2(unsigned char value)
   3          {       
   4   1              unsigned char i = 0;
   5   1              unsigned char valueTemp = 0;
   6   1              unsigned char bitTemp[8] = {0};
   7   1              
   8   1              for(i=0; i<8; i++)
   9   1                      bitTemp[i] = (value>>i) & 0x01;         
  10   1              
  11   1              for(i=0; i<8; i++)
  12   1              {
  13   2                      valueTemp <<= 1;
  14   2                      valueTemp |= bitTemp[i]; 
  15   2              }
  16   1      
  17   1              return valueTemp;               
  18   1      }
  19          
  20          unsigned char convert_row2(unsigned char row)
  21          {
  22   1              return (7-row);
  23   1      }
  24          
  25          unsigned char convert_column2(unsigned char column)
  26          {
  27   1              return (128-column);
  28   1      }
  29          
  30          #else 
              void convert_value(unsigned char *ptrValue)
              {       
                      unsigned char i = 0;
                      unsigned char valueTemp = 0;
                      unsigned char bitTemp[8] = {0};
                      
                      valueTemp = *ptrValue;
                      for(i=0; i<8; i++)
                              bitTemp[i] = (valueTemp>>i) & 0x01;     
                      
                      *ptrValue = 0;
                      for(i=0; i<8; i++)
                      {
                              *ptrValue <<= 1;
                              *ptrValue |= bitTemp[i]; 
                      }               
              }
              
              void convert_column(unsigned char *ptrCol)
              {
                      *ptrCol = 128 - *ptrCol;
              }
              
              void convert_row(unsigned char *ptrRow)
C51 COMPILER V7.09   LCD_8PIXEL                                                            12/13/2012 20:21:07 PAGE 2   

              {
                      *ptrRow = 7 - *ptrRow;
              }
              
              #endif
  60          
  61          void lcd_8pixel(unsigned char column, unsigned char row, unsigned char value)
  62          {
  63   1          unsigned char chn, tmp;
  64   1      
  65   1      #if 1
  66   1              column = convert_column2(column);       
  67   1              value  = convert_value2(value);
  68   1              row    = convert_row2(row);
  69   1      
  70   1      #else
                      convert_column(&column);
                      convert_row(&row);
                      convert_value(&value);
              
              #endif
  76   1              
  77   1          if( column < 64 )
  78   1          {
  79   2              tmp = column;
  80   2              chn = 0;         
  81   2          }
  82   1          else if( column < 128 )
  83   1          {
  84   2              tmp = column - 64;
  85   2              chn = 1;
  86   2          }
  87   1          else
  88   1          {
  89   2              return;
  90   2          }
  91   1              
  92   1      //    lcd_write_command(chn, LCD_CMD_COLUMN | tmp );   /*写入列地址*/
  93   1      //    lcd_write_command(chn, LCD_CMD_PAGE | row);      /*写入行地址*/
  94   1      //    lcd_write_data(chn, value);
  95   1      }
  96          
  97          


MODULE INFORMATION:   STATIC OVERLAYABLE
   CODE SIZE        =    184    ----
   CONSTANT SIZE    =      8    ----
   XDATA SIZE       =   ----      14
   PDATA SIZE       =   ----    ----
   DATA SIZE        =   ----    ----
   IDATA SIZE       =   ----    ----
   BIT SIZE         =   ----    ----
END OF MODULE INFORMATION.


C51 COMPILATION COMPLETE.  0 WARNING(S),  0 ERROR(S)
