C51 COMPILER V7.09   LEDPROCESS                                                            11/05/2012 16:02:07 PAGE 1   


C51 COMPILER V7.09, COMPILATION OF MODULE LEDPROCESS
OBJECT MODULE PLACED IN .\OUT\ledProcess.obj
COMPILER INVOKED BY: C:\Keil\C51\BIN\C51.EXE ledProcess\ledProcess.c LARGE BROWSE INCDIR(main,header_files,dataProcess,w
                    -atchDog,ledProcess,mcu,IDB,alarm,timer,command,uart) DEBUG OBJECTEXTEND PRINT(.\OUT\ledProcess.lst) OBJECT(.\OUT\ledProc
                    -ess.obj)

line level    source

   1          
   2          #include "c8051F020.h"
   3          #include "ledProcess.h"
   4          
   5          #define  bLedRun  P4    /*pin defined, P4.2*/
   6          
   7          
   8          
   9          void  Led_Run(void)
  10          {
  11   1          static char runFlag;
  12   1      
  13   1              if(runFlag)
  14   1              {
  15   2                  runFlag = 0;
  16   2      
  17   2                      bLedRun = 0;
  18   2              }
  19   1              else
  20   1              {
  21   2                  runFlag = 1;
  22   2      
  23   2                      bLedRun = 0xFF;
  24   2              }
  25   1      
  26   1      
  27   1      }
  28          
  29          void refresh_led(void)
  30          {
  31   1              Led_Run();
  32   1      }
  33          
  34          


MODULE INFORMATION:   STATIC OVERLAYABLE
   CODE SIZE        =     24    ----
   CONSTANT SIZE    =   ----    ----
   XDATA SIZE       =      1    ----
   PDATA SIZE       =   ----    ----
   DATA SIZE        =   ----    ----
   IDATA SIZE       =   ----    ----
   BIT SIZE         =   ----    ----
END OF MODULE INFORMATION.


C51 COMPILATION COMPLETE.  0 WARNING(S),  0 ERROR(S)
