C51 COMPILER V9.52.0.0   LEDSTATUS                                                         11/05/2015 15:24:03 PAGE 1   


C51 COMPILER V9.52.0.0, COMPILATION OF MODULE LEDSTATUS
OBJECT MODULE PLACED IN .\OUT\ledStatus.obj
COMPILER INVOKED BY: d:\Keil\C51\BIN\C51.EXE ledProcess\ledStatus.c LARGE BROWSE INCDIR(main;include;mcu;uart;command;ee
                    -prom;ledProcess;update;crc;delay;timer;tmu_number) DEBUG OBJECTEXTEND PRINT(.\OUT\ledStatus.lst) TABS(2) OBJECT(.\OUT\le
                    -dStatus.obj)

line level    source

   1          #include "c8051f340.h"
   2          #include "typedef.h"
   3          #include "ledStatus.h"
   4          #include "idProcess.h"
   5          #include "typeDef.h"
   6          #include "netcommand.h"
   7          #include "share.h"
   8          
   9          unsigned int countnum;
  10          unsigned char bdata bLedVar1,bLedVar2;
  11          sbit  led1 = bLedVar1^0;
  12          sbit  led2 = bLedVar1^1;
  13          sbit  led3 = bLedVar1^2;
  14          sbit  led4 = bLedVar1^3;
  15          sbit  led5 = bLedVar1^4;
  16          sbit  led6 = bLedVar1^5;
  17          sbit  led7 = bLedVar1^6;
  18          sbit  led8 = bLedVar1^7;
  19          sbit  led9 = bLedVar2^0;
  20          sbit  led10 = bLedVar2^1;
  21          sbit  led11 = bLedVar2^2;
  22          sbit  led12 = bLedVar2^3;
  23          
  24          
  25          
  26          /* 将led状态赋值给每个端口 */
  27          static void led_hardware_control(void)
  28          { 
  29   1        PORT1_STATUS  = led1;
  30   1        PORT2_STATUS  = led2;
  31   1        PORT3_STATUS  = led3;
  32   1        PORT4_STATUS  = led4;
  33   1        PORT5_STATUS  = led5;
  34   1        PORT6_STATUS  = led6;
  35   1        if(led7)
  36   1          P4 |= 0x01;
  37   1        else
  38   1          P4 &= ~0x01;
  39   1        if(led8)
  40   1          P4 |= 0x02;
  41   1        else
  42   1          P4 &= ~0x02;
  43   1        if(led9)
  44   1          P4 |= 0x04;
  45   1        else
  46   1          P4 &= ~0x04;
  47   1        if(led10)
  48   1          P4 |= 0x08;
  49   1        else
  50   1          P4 &= ~0x08;
  51   1        if(led11)
  52   1          P4 |= 0x10;
  53   1        else
C51 COMPILER V9.52.0.0   LEDSTATUS                                                         11/05/2015 15:24:03 PAGE 2   

  54   1          P4 &= ~0x10;
  55   1        if(led12)
  56   1          P4 |= 0x20;
  57   1        else
  58   1          P4 &= ~0x20;
  59   1      }
  60          
  61          /*每隔50ms调用一次*/
  62          bit flashQuick;
  63          bit flashSlow; 
  64          
  65          void refresh_led(void)
  66          {
  67   1      //    static unsigned char count=0;
  68   1        unsigned char flag = 0;
  69   1          unsigned char i;
  70   1          unsigned int tmpAll,tmpi;
  71   1      
  72   1          countnum ++;
  73   1      
  74   1        //mainInfo.ledState[8] = LED_STATE_SLOW;
  75   1        //mainInfo.ledState[9] = LED_STATE_QUICK;
  76   1        //mainInfo.ledState[10] = LED_STATE_ON;
  77   1        //mainInfo.ledState[11] = LED_STATE_OFF;
  78   1        
  79   1        /*  if( (countnum%25) == 0)
  80   1          {
  81   1            flashQuick = ~flashQuick;
  82   1          }
  83   1          if( (countnum%50) == 0 )
  84   1          {
  85   1              flashSlow = ~flashSlow;
  86   1            countnum = 0;
  87   1          }*/
  88   1      
  89   1          if( (countnum%8) == 0)
  90   1          {
  91   2            flashQuick = ~flashQuick;
  92   2          }
  93   1          if( (countnum%16) == 0 )
  94   1          {
  95   2              flashSlow = ~flashSlow;
  96   2            countnum = 0;
  97   2          }
  98   1      
  99   1          tmpAll = 0;
 100   1          tmpi = 1;
 101   1          for(i=0; i<PORT_ALL_NUM; i++)
 102   1          {
 103   2       
 104   2                  switch(mainInfo.ledState[i])
 105   2                  {
 106   3      
 107   3                      case LED_STATE_OFF:
 108   3                          break;
 109   3      
 110   3                      case LED_STATE_SLOW:
 111   3                flag |= 0x01;
 112   3                          if( flashSlow )
 113   3                              tmpAll |= tmpi;
 114   3                          break;
 115   3      
C51 COMPILER V9.52.0.0   LEDSTATUS                                                         11/05/2015 15:24:03 PAGE 3   

 116   3                      case LED_STATE_QUICK:
 117   3                flag |= 0x10;
 118   3                          if( flashQuick )
 119   3                              tmpAll |= tmpi;
 120   3                          break;
 121   3      
 122   3                      case LED_STATE_ON:
 123   3                  flag |= 0x01;
 124   3                      default:
 125   3                          tmpAll |= tmpi;
 126   3                          break;
 127   3                  }
 128   2                  
 129   2            if(flag & 0x10)
 130   2            {
 131   3                if( flashQuick )
 132   3                  CPU_RUN_LED_0;
 133   3                else
 134   3                  CPU_RUN_LED_1;    
 135   3            }
 136   2            else if(flag & 0x01)
 137   2            {
 138   3                 if( flashSlow )
 139   3                    CPU_RUN_LED_0;
 140   3                  else
 141   3                    CPU_RUN_LED_1;
 142   3            }
 143   2            else
 144   2            {
 145   3                  CPU_RUN_LED_1;
 146   3            }
 147   2      
 148   2              tmpi <<= 1;
 149   2          }
 150   1          tmpAll = ~tmpAll;           /*LED灯*/
 151   1      
 152   1          bLedVar1 = tmpAll % 256;
 153   1          bLedVar2 = tmpAll / 256;
 154   1      
 155   1          led_hardware_control();
 156   1      }


MODULE INFORMATION:   STATIC OVERLAYABLE
   CODE SIZE        =    287    ----
   CONSTANT SIZE    =   ----    ----
   XDATA SIZE       =      2       4
   PDATA SIZE       =   ----    ----
   DATA SIZE        =      2    ----
   IDATA SIZE       =   ----    ----
   BIT SIZE         =      2    ----
END OF MODULE INFORMATION.


C51 COMPILATION COMPLETE.  0 WARNING(S),  0 ERROR(S)
