C51 COMPILER V9.52.0.0   MAIN                                                              11/05/2015 16:02:00 PAGE 1   


C51 COMPILER V9.52.0.0, COMPILATION OF MODULE MAIN
OBJECT MODULE PLACED IN .\OUT\main.obj
COMPILER INVOKED BY: d:\Keil\C51\BIN\C51.EXE main\main.c LARGE BROWSE INCDIR(main;include;mcu;uart;command;eeprom;ledPro
                    -cess;update;crc;delay;timer;tmu_number) DEBUG OBJECTEXTEND PRINT(.\OUT\main.lst) TABS(2) OBJECT(.\OUT\main.obj)

line level    source

   1          #include "c8051F340.h"
   2          #include "typedef.h"
   3          #include "update.h"
   4          #include "variable.h"
   5          #include "uart1.h"
   6          #include "mcuInit.h"
   7          #include "ledStatus.h"
   8          #include "idProcess.h"
   9          #include "tmuProcess.h"
  10          #include "netCommand.h"
  11          #include "share.h"
  12          #include "oneWireProcess.h"
  13          #include "crc.h"
  14          #include "delay.h"
  15          #include "timer.h"
  16          #include "tmunum.h"
  17          
  18          void main(void)
  19          {
  20   1          //////////////////////
  21   1            TMUNUM_INFO xx;
  22   1          TMUNUM_INFO  yy;
  23   1        ///////////////////////////
  24   1          unsigned char index;   
  25   1          static unsigned char num_byte = 0;
  26   1          char y =0;
  27   1          EA = 0;
  28   1          Soft_WDT_Disnable();
  29   1      
  30   1          mcu_f340_init();
  31   1      
  32   1          delay_ms(10);
  33   1      
  34   1          var_init();
  35   1          fmu_cmd_init();
  36   1          uart1_init();
  37   1      
  38   1      #ifdef ID_ONE_WIRE
  39   1          one_wire_init( ONE_WIRE_STANDARD_SPEED);
  40   1      #endif
  41   1      
  42   1          delay_ms(10);
  43   1          tmu_address_init();             
  44   1          EA = 1;     
  45   1      
  46   1          WatchDog_Init();
  47   1      
  48   1          index = 0;
  49   1          countnum = 0;
  50   1          port_num = 0;
  51   1          
  52   1          while(1)
  53   1          {   
  54   2              xx.c[0] = 2;
C51 COMPILER V9.52.0.0   MAIN                                                              11/05/2015 16:02:00 PAGE 2   

  55   2              xx.c[1] = 2;
  56   2              xx.c[2] = 2;
  57   2              xx.c[3] = 2;
  58   2              xx.c[4] = 2;
  59   2              xx.c[5] = 2;
  60   2              write_tmunum_info(&xx);
  61   2              read_tmunum_info(&yy);
  62   2          }
  63   1      while(1)
  64   1      {
  65   2        
  66   2        char x[10]={1,2,3,4,5,6,7,8,9,10};
  67   2        char temp[10];
  68   2        int i;
  69   2        unsigned char code * data ptrCode;
  70   2        x[0] = y++;
  71   2        WatchDog();
  72   2        earseCodeFlash(TMU_NUM_INFO_ADDR);
  73   2        WatchDog();
  74   2        writeInnerFlash(TMU_NUM_INFO_ADDR, 10, x);
  75   2        ptrCode = (char code *)TMU_NUM_INFO_ADDR;
  76   2        for(i = 0;i<10;i++)
  77   2        {
  78   3          temp[i] = 0;
  79   3        }
  80   2        for (i = 0; i <10; i++)
  81   2        {
  82   3          temp[i] = *ptrCode++;
  83   3        }
  84   2          WatchDog();
  85   2      }
  86   1      
  87   1       while(1)
  88   1          {   
  89   2              WatchDog();
  90   2              uart_process();
  91   2      
  92   2              if(flag30ms)
  93   2              {
  94   3                /*sssssssssssssssss*/
  95   3                flag30ms = 0;
  96   3                  if(num_byte == 0)
  97   3                  {
  98   4                    num_byte = 1;
  99   4                    read_id(0,0,(unsigned char*)localid_buf);
 100   4                    WatchDog();
 101   4                  }
 102   3                  else
 103   3                  {
 104   4                      num_byte = 0;
 105   4                      read_id(0,1,(unsigned char*)localid_buf);
 106   4                      WatchDog();
 107   4                      refresh_current_id();
 108   4                      memory_clear((unsigned char*)localid_buf,sizeof(localid_buf));
 109   4                      read_id_96();
 110   4                  }
 111   3              }
 112   2                
 113   2              if( flag60ms )             
 114   2              {
 115   3                  flag60ms = 0;
 116   3                  index ++; 
C51 COMPILER V9.52.0.0   MAIN                                                              11/05/2015 16:02:00 PAGE 3   

 117   3                  uart1_timeout();        
 118   3                  port_state_process();
 119   3                  slot_aging_time();  
 120   3            
 121   3                if(index >= 20)
 122   3                {
 123   4                    index = 0;
 124   4                    fmu_cmd_update_file_timer_count();
 125   4                }
 126   3              }
 127   2          }
 128   1      }


MODULE INFORMATION:   STATIC OVERLAYABLE
   CODE SIZE        =    100    ----
   CONSTANT SIZE    =     10    ----
   XDATA SIZE       =      1      36
   PDATA SIZE       =   ----    ----
   DATA SIZE        =   ----       2
   IDATA SIZE       =   ----    ----
   BIT SIZE         =   ----    ----
END OF MODULE INFORMATION.


C51 COMPILATION COMPLETE.  0 WARNING(S),  0 ERROR(S)
