C51 COMPILER V7.09   MCUPROCESS                                                            02/14/2012 15:18:46 PAGE 1   


C51 COMPILER V7.09, COMPILATION OF MODULE MCUPROCESS
OBJECT MODULE PLACED IN .\OUT\mcuProcess.obj
COMPILER INVOKED BY: C:\Keil\C51\BIN\C51.EXE MCU\mcuProcess.c LARGE BROWSE INCDIR(main,header_files,dataProcess,watchDog
                    -,ledProcess,mcu,IDB,alarm,timer,command) DEBUG OBJECTEXTEND PRINT(.\OUT\mcuProcess.lst) OBJECT(.\OUT\mcuProcess.obj)

line level    source

   1          #include "mcuInit.h"
   2          #include "timer.h"
   3          
   4          void Mcu_Start_Init(void)
   5          {
   6   1              SysClk_Init();
   7   1              ExtCrystalOsc_Init();
   8   1              Port_IO_Init();
   9   1              Timer_Init();
  10   1         
  11   1      }


MODULE INFORMATION:   STATIC OVERLAYABLE
   CODE SIZE        =     12    ----
   CONSTANT SIZE    =   ----    ----
   XDATA SIZE       =   ----    ----
   PDATA SIZE       =   ----    ----
   DATA SIZE        =   ----    ----
   IDATA SIZE       =   ----    ----
   BIT SIZE         =   ----    ----
END OF MODULE INFORMATION.


C51 COMPILATION COMPLETE.  0 WARNING(S),  0 ERROR(S)
