C51 COMPILER V7.09   SWITCHDRIVER                                                          01/14/2012 13:39:20 PAGE 1   


C51 COMPILER V7.09, COMPILATION OF MODULE SWITCHDRIVER
OBJECT MODULE PLACED IN .\OUT\switchDriver.obj
COMPILER INVOKED BY: C:\Keil\C51\BIN\C51.EXE protect_j\switchDriver.c LARGE BROWSE INCDIR(main,header_files,dataProcess,
                    -watchDog,ledProcess,mcu,adConvert,IDB,protect_j,alarm,key,timer,command) DEBUG OBJECTEXTEND PRINT(.\OUT\switchDriver.lst
                    -) OBJECT(.\OUT\switchDriver.obj)

line level    source

   1          
   2          #include "typeDef.h"
   3          //#include "define2.h"
   4          #include "c8051F020.h"
   5          #include "1.h"
   6          
   7          
   8          #if 0
              #if 0        /*oplinx*/
              #define OPSWITCHCTRLMTOB        0x02
              #define OPSWITCHCTRLBTOM        0x01
              #else        /*jdsu*/
              #define OPSWITCHCTRLMTOB        0x01
              #define OPSWITCHCTRLBTOM        0x02
              #endif       
              #endif
  17          
  18           
  19          
  20          
  21          //unsigned char volatile xdata xOPTCON            _at_ 0x8001;   
  22          //unsigned char volatile xdata xOPSWITCHSTATUS    _at_ 0x8030;      
  23          
  24          /*P3.2:opswitch status 0:master; 1:slave*/
  25          /*P3.3 = /p3.2   */
  26          #define OPSWITCH_STATU_MASTER           0
  27          #define OPSWITCH_STATUS_STANDBY         1
  28          //#define       OPSWITCH_STATU_READ                     P3_2
  29          
  30          
  31          /*P4.0 P4.1 opswitch control 01or10 control  00 locked  11:hold*/
  32          #define OSW_CTR_00              0
  33          #define OSW_CTR_01                      1
  34          #define OSW_CTR_10                 2
  35          #define OSW_CTR_11                      3
  36          #define OPSWITCHCTRLMTOB                P4 = OSW_CTR_10 //P4 = OSW_CTR_10; //P4 = P4&0xFC + OSW_CTR_10       /*M:1,B:2*/
  37          #define OPSWITCHCTRLBTOM                P4 = OSW_CTR_01 //P4 = OSW_CTR_01; //P4 = P4&0xFC + OSW_CTR_01
  38          #define OPSWITCH_LOCKED         P4 = P4&0xFC + OSW_CTR_00      /*LOCK:00*/
  39          
  40          
  41          
  42          /*P4.2 opswitch cs  1:disable,0:enable*/
  43          #define OPSWITCH_CS_0                   P4&0xFB
  44          #define OPSWITCH_CS_1                   P4 | 0x04
  45          #define OPSWITCH_CS_EN          P2^2 = 0
  46          #define OPSWITCH_CS_DIS         P2^2 = 1
  47          
  48          
  49          
  50          
  51          


C51 COMPILER V7.09   SWITCHDRIVER                                                          01/14/2012 13:39:20 PAGE 2   

MODULE INFORMATION:   STATIC OVERLAYABLE
   CODE SIZE        =   ----    ----
   CONSTANT SIZE    =   ----    ----
   XDATA SIZE       =   ----    ----
   PDATA SIZE       =   ----    ----
   DATA SIZE        =   ----    ----
   IDATA SIZE       =   ----    ----
   BIT SIZE         =   ----    ----
END OF MODULE INFORMATION.


C51 COMPILATION COMPLETE.  0 WARNING(S),  0 ERROR(S)
