C51 COMPILER V9.52.0.0   TIMER                                                             11/05/2015 15:24:04 PAGE 1   


C51 COMPILER V9.52.0.0, COMPILATION OF MODULE TIMER
OBJECT MODULE PLACED IN .\OUT\timer.obj
COMPILER INVOKED BY: d:\Keil\C51\BIN\C51.EXE timer\timer.c LARGE BROWSE INCDIR(main;include;mcu;uart;command;eeprom;ledP
                    -rocess;update;crc;delay;timer;tmu_number) DEBUG OBJECTEXTEND PRINT(.\OUT\timer.lst) TABS(2) OBJECT(.\OUT\timer.obj)

line level    source

   1          #include "timer.h"
   2          #include "c8051F340.h"
   3          #include "ledStatus.h"
   4          #include "variable.h"
   5          
   6          bit flag10ms;
   7          bit flag20ms;
   8          bit flag30ms;
   9          bit flag60ms;
  10          
  11          void Timer_Init(void)
  12          {
  13   1        TIMER_CKCON_CFR;
  14   1        TIMER_TMOD_CFR;
  15   1      
  16   1        TH0 = 0xF0;//TIME_RELOAD>>8;
  17   1        TL0 = 0x5F;//TIME_RELOAD;
  18   1        TR0 = 1;        
  19   1        ET0 = 1;             
  20   1      }
  21          
  22          void ISRtime0(void) interrupt 1 using 1
  23          {
  24   1          static unsigned char data time50Count = 0;
  25   1      
  26   1         // TH0 = TIME_RELOAD>>8;
  27   1         // TL0 = TIME_RELOAD;
  28   1          TH0 = 0xF0;
  29   1          TL0 = 0x5F;
  30   1          time50Count ++;
  31   1      
  32   1          if((0 == (time50Count % 5)))
  33   1          {
  34   2              flag10ms = 1;
  35   2          //  if(linkFmu == 1)
  36   2          //  {refresh_led();}
  37   2          }
  38   1          if((0 == (time50Count % 10)))
  39   1          {
  40   2              flag20ms = 1;
  41   2          }
  42   1          if((0 == (time50Count % 15)))
  43   1          {
  44   2              flag30ms = 1;
  45   2              if(linkFmu == 1)
  46   2              {refresh_led();}
  47   2          }  
  48   1          if(((time50Count%30)== 0))
  49   1          {
  50   2              time50Count = 0;
  51   2              flag60ms = 1;
  52   2          }     
  53   1      }
  54          
C51 COMPILER V9.52.0.0   TIMER                                                             11/05/2015 15:24:04 PAGE 2   

  55          


MODULE INFORMATION:   STATIC OVERLAYABLE
   CODE SIZE        =    106    ----
   CONSTANT SIZE    =   ----    ----
   XDATA SIZE       =   ----    ----
   PDATA SIZE       =   ----    ----
   DATA SIZE        =      1    ----
   IDATA SIZE       =   ----    ----
   BIT SIZE         =      4    ----
END OF MODULE INFORMATION.


C51 COMPILATION COMPLETE.  0 WARNING(S),  0 ERROR(S)
