C51 COMPILER V9.52.0.0   TMUNUM                                                            11/05/2015 16:02:01 PAGE 1   


C51 COMPILER V9.52.0.0, COMPILATION OF MODULE TMUNUM
OBJECT MODULE PLACED IN .\OUT\tmunum.obj
COMPILER INVOKED BY: d:\Keil\C51\BIN\C51.EXE tmu_number\tmunum.c LARGE BROWSE INCDIR(main;include;mcu;uart;command;eepro
                    -m;ledProcess;update;crc;delay;timer;tmu_number) DEBUG OBJECTEXTEND PRINT(.\OUT\tmunum.lst) TABS(2) OBJECT(.\OUT\tmunum.o
                    -bj)

line level    source

   1          #include "tmunum.h"
   2          #include "mcuInit.h"
   3          #include "update.h"
   4          
   5          
   6          void write_tmunum_info(TMUNUM_INFO * ptr)
   7          {
   8   1        WatchDog();
   9   1        earseCodeFlash(TMU_NUM_INFO_ADDR);
  10   1        WatchDog();
  11   1        writeInnerFlash(TMU_NUM_INFO_ADDR,sizeof(TMUNUM_INFO), ptr);  
*** WARNING C182 IN LINE 11 OF tmu_number\tmunum.c: pointer to different objects
  12   1      }
  13          void read_tmunum_info(TMUNUM_INFO * ptr)
  14          {
  15   1        TMUNUM_INFO code * data ptrCode;
  16   1        ptrCode = (TMUNUM_INFO code *)TMU_NUM_INFO_ADDR;  
  17   1        *ptr = *ptrCode;
  18   1        WatchDog();
  19   1      }


MODULE INFORMATION:   STATIC OVERLAYABLE
   CODE SIZE        =    100    ----
   CONSTANT SIZE    =   ----    ----
   XDATA SIZE       =   ----       6
   PDATA SIZE       =   ----    ----
   DATA SIZE        =   ----       2
   IDATA SIZE       =   ----    ----
   BIT SIZE         =   ----    ----
END OF MODULE INFORMATION.


C51 COMPILATION COMPLETE.  1 WARNING(S),  0 ERROR(S)
