C51 COMPILER V9.52.0.0   TMUPROCESS                                                        11/05/2015 15:24:03 PAGE 1   


C51 COMPILER V9.52.0.0, COMPILATION OF MODULE TMUPROCESS
OBJECT MODULE PLACED IN .\OUT\tmuProcess.obj
COMPILER INVOKED BY: d:\Keil\C51\BIN\C51.EXE eeprom\tmuProcess.c LARGE BROWSE INCDIR(main;include;mcu;uart;command;eepro
                    -m;ledProcess;update;crc;delay;timer;tmu_number) DEBUG OBJECTEXTEND PRINT(.\OUT\tmuProcess.lst) TABS(2) OBJECT(.\OUT\tmuP
                    -rocess.obj)

line level    source

   1          #include "c8051F340.h"
   2          #include "typedef.h"
   3          #include "ledStatus.h"
   4          #include "idProcess.h"
   5          #include "tmuProcess.h"
   6          #include "share.h"
   7          #include "netCommand.h"
   8          #include "delay.h"
   9          
  10          static unsigned char tmuAddrMode;
  11          
  12          void tmu_address_init(void)
  13          {
  14   1          unsigned char sch_version;
  15   1          unsigned char tempValue;
  16   1          unsigned char i;
  17   1          tempValue = 0;
  18   1          sch_version  = 0;
  19   1          for(i=0;i<5;i++)
  20   1          {
  21   2              delay_ms(10);
  22   2              tempValue = ((P0&0x80)>>7);
  23   2              tempValue |= ((P1&0x40)>>5);
  24   2              tempValue |= ((P1&0x80)>>5);
  25   2              sch_version = tempValue;
  26   2          }
  27   1          if(DYNEMIC_TMU_FLAG == sch_version)
  28   1          {
  29   2              set_tmu_addr_mode(DYNEMIC_TMU_FLAG);
  30   2          }
  31   1          else
  32   1          {
  33   2              slot_address_init();
  34   2              set_tmu_addr_mode(STATIC_TMU_FLAG);
  35   2          }
  36   1      }
  37          
  38          void set_tmu_addr_mode(unsigned char value)
  39          {
  40   1          tmuAddrMode = value;
  41   1      }
  42          
  43          unsigned char get_tmu_addr_mode(void)
  44          {
  45   1          return tmuAddrMode;
  46   1      }


MODULE INFORMATION:   STATIC OVERLAYABLE
   CODE SIZE        =     85    ----
   CONSTANT SIZE    =   ----    ----
   XDATA SIZE       =      1       1
   PDATA SIZE       =   ----    ----
C51 COMPILER V9.52.0.0   TMUPROCESS                                                        11/05/2015 15:24:03 PAGE 2   

   DATA SIZE        =   ----    ----
   IDATA SIZE       =   ----    ----
   BIT SIZE         =   ----    ----
END OF MODULE INFORMATION.


C51 COMPILATION COMPLETE.  0 WARNING(S),  0 ERROR(S)
