C51 COMPILER V9.52.0.0   VARIABLE                                                          11/05/2015 15:24:03 PAGE 1   


C51 COMPILER V9.52.0.0, COMPILATION OF MODULE VARIABLE
OBJECT MODULE PLACED IN .\OUT\variable.obj
COMPILER INVOKED BY: d:\Keil\C51\BIN\C51.EXE main\variable.c LARGE BROWSE INCDIR(main;include;mcu;uart;command;eeprom;le
                    -dProcess;update;crc;delay;timer;tmu_number) DEBUG OBJECTEXTEND PRINT(.\OUT\variable.lst) TABS(2) OBJECT(.\OUT\variable.o
                    -bj)

line level    source

   1          
   2          #include "typeDef.h"
   3          #include "variable.h"
   4          #include "share.h"
   5          #include "netCommand.h"
   6          
   7          MAIN_INFO mainInfo;
   8          unsigned char linkFmu;
   9              
  10          
  11          void var_init(void)
  12          {
  13   1          static unsigned char i;
  14   1      
  15   1          memory_clear((char*)&mainInfo, sizeof(mainInfo));
  16   1          slot_aging_time_init(1);
  17   1      
  18   1          for(i=0; i<PORT_ALL_NUM; i++)
  19   1          {
  20   2              mainInfo.ledState[i] = LED_STATE_OFF;
  21   2          }
  22   1      
  23   1          linkFmu =0;
  24   1          return;
  25   1      }


MODULE INFORMATION:   STATIC OVERLAYABLE
   CODE SIZE        =     60    ----
   CONSTANT SIZE    =   ----    ----
   XDATA SIZE       =   2033    ----
   PDATA SIZE       =   ----    ----
   DATA SIZE        =   ----    ----
   IDATA SIZE       =   ----    ----
   BIT SIZE         =   ----    ----
END OF MODULE INFORMATION.


C51 COMPILATION COMPLETE.  0 WARNING(S),  0 ERROR(S)
